d:\projects\gameloft\newtrainingframework\debug-nvidia\newtrainingframework.pch
d:\projects\gameloft\newtrainingframework\debug-nvidia\vc141.pdb
d:\projects\gameloft\newtrainingframework\debug-nvidia\vc141.idb
d:\projects\gameloft\newtrainingframework\debug-nvidia\stdafx.obj
d:\projects\gameloft\newtrainingframework\debug-nvidia\shaders.obj
d:\projects\gameloft\newtrainingframework\debug-nvidia\camera.obj
d:\projects\gameloft\newtrainingframework\debug-nvidia\newtrainingframework.obj
d:\projects\gameloft\newtrainingframework\debug-nvidia\model.obj
d:\projects\gameloft\newtrainingframework\debug-nvidia\resourcemanager.obj
d:\projects\gameloft\newtrainingframework\debug-nvidia\scenemanager.obj
d:\projects\gameloft\newtrainingframework\debug-nvidia\texture.obj
d:\projects\gameloft\newtrainingframework\debug-nvidia\modelresources.obj
d:\projects\gameloft\newtrainingframework\debug-nvidia\shaderresources.obj
d:\projects\gameloft\newtrainingframework\debug-nvidia\textureresources.obj
d:\projects\gameloft\newtrainingframework\debug-nvidia\camerascene.obj
d:\projects\gameloft\newtrainingframework\debug-nvidia\objectscene.obj
d:\projects\gameloft\newtrainingframework\debug-nvidia\modelmanager.obj
d:\projects\gameloft\newtrainingframework\debug-nvidia\shadermanager.obj
d:\projects\gameloft\newtrainingframework\debug-nvidia\texturemanager.obj
d:\projects\gameloft\newtrainingframework\debug-nvidia\terrain.obj
d:\projects\gameloft\newtrainingframework\debug-nvidia\skybox.obj
d:\projects\gameloft\newtrainingframework\debug-nvidia\fire.obj
d:\projects\gameloft\newtrainingframework\debug-nvidia\trajectory.obj
d:\projects\gameloft\newtrainingframework\debug-nvidia\soundresources.obj
d:\projects\gameloft\newtrainingframework\debug-nvidia\soundmanager.obj
d:\projects\gameloft\bin-nvidia\newtrainingframework.exe
d:\projects\gameloft\bin-nvidia\newtrainingframework.ilk
d:\projects\gameloft\bin-nvidia\newtrainingframework.pdb
d:\projects\gameloft\\bin-nvidia\newtrainingframework.pdb
d:\projects\gameloft\\bin-nvidia\newtrainingframework.exe
d:\projects\gameloft\\bin-nvidia\newtrainingframework.ilk
d:\projects\gameloft\newtrainingframework\debug-nvidia\newtrain.fc024ec8.tlog\cl.command.1.tlog
d:\projects\gameloft\newtrainingframework\debug-nvidia\newtrain.fc024ec8.tlog\cl.read.1.tlog
d:\projects\gameloft\newtrainingframework\debug-nvidia\newtrain.fc024ec8.tlog\cl.write.1.tlog
d:\projects\gameloft\newtrainingframework\debug-nvidia\newtrain.fc024ec8.tlog\link.command.1.tlog
d:\projects\gameloft\newtrainingframework\debug-nvidia\newtrain.fc024ec8.tlog\link.read.1.tlog
d:\projects\gameloft\newtrainingframework\debug-nvidia\newtrain.fc024ec8.tlog\link.write.1.tlog
